


ARM Macro Assembler    Page 1 


    1 00000000         ;===========Macro===========
    2 00000000                 MACRO
    3 00000000                 WriteIn          $Register,$Const
    4 00000000                 LDR              R0,=$Register
    5 00000000                 LDR              R1,=$Const
    6 00000000                 LDR              R1,[R0]
    7 00000000                 MEND
    8 00000000         
    9 00000000         ;===========================
   10 00000000 48000000 
                       GPIOA   EQU              0x48000000
   11 00000000 48000400 
                       GPIOB   EQU              0x48000400
   12 00000000 48000800 
                       GPIOC   EQU              0x48000800
   13 00000000 40021000 
                       RCC     EQU              0x40021000
   14 00000000 40012C00 
                       TIM1    EQU              0x40012C00
   15 00000000 40013000 
                       SPI1    EQU              0x40013000
   16 00000000 40003800 
                       SPI2    EQU              0x40003800
   17 00000000 40007400 
                       DAC     EQU              0x40007400
   18 00000000 40001000 
                       TIM6    EQU              0x40001000
   19 00000000 E000E100 
                       ISER    EQU              0xE000E100
   20 00000000 E000E200 
                       ISPR    EQU              0xE000E200
   21 00000000 E000E280 
                       ICPR    EQU              0xE000E280
   22 00000000         ;===========================
   23 00000000 00000000 
                       MODER   EQU              0x00        ; GPIO port mode re
                                                            gister
   24 00000000 00000004 
                       OTYPER  EQU              0x04        ; GPIO port output 
                                                            type register
   25 00000000 00000008 
                       OSPEEDR EQU              0x08        ; GPIO port output 
                                                            speed register
   26 00000000 0000000C 
                       PUPDR   EQU              0x0C        ; GPIO port pull-up
                                                            /pull-down register
                                                            
   27 00000000 00000010 
                       IDR     EQU              0x10        ; GPIO port input d
                                                            ata register
   28 00000000 00000014 
                       ODR     EQU              0x14        ; GPIO port output 
                                                            data register
   29 00000000 00000018 
                       BSRR    EQU              0x18        ; GPIO port bit set
                                                            /reset register
   30 00000000 0000001C 
                       LCKR    EQU              0x1C        ; GPIO port configu
                                                            ration lock registe



ARM Macro Assembler    Page 2 


                                                            r
   31 00000000 00000020 
                       AFRL    EQU              0x20        ; GPIO alternate fu
                                                            nction low register
                                                            
   32 00000000 00000024 
                       AFRH    EQU              0x24        ; GPIO alternate fu
                                                            nction high registe
                                                            r 
   33 00000000 00000028 
                       BRR     EQU              0x28        ; Port bit reset re
                                                            gister
   34 00000000         ;---------------------------;
   35 00000000 00000000 
                       RCC_CR  EQU              0x00        ; Clock control reg
                                                            ister 
   36 00000000 00000004 
                       RCC_CFGR
                               EQU              0x04        ; Clock configurati
                                                            on register
   37 00000000 00000008 
                       RCC_CIR EQU              0x08        ; Clock interrupt r
                                                            egister
   38 00000000 0000000C 
                       RCC_APB2RSTR
                               EQU              0x0C        ; APB peripheral re
                                                            set register 2
   39 00000000 00000010 
                       RCC_APB1RSTR
                               EQU              0x10        ; APB peripheral re
                                                            set register 1
   40 00000000 00000014 
                       RCC_AHBENR
                               EQU              0x14        ; AHB peripheral cl
                                                            ock enable register
                                                            
   41 00000000 00000018 
                       RCC_APB2ENR
                               EQU              0x18        ; APB peripheral cl
                                                            ock enable register
                                                             2
   42 00000000 0000001C 
                       RCC_APB1ENR
                               EQU              0x1C        ; APB peripheral cl
                                                            ock enable register
                                                             1 
   43 00000000 00000020 
                       RCC_BDCR
                               EQU              0x20        ; Backup domain con
                                                            trol register
   44 00000000 00000024 
                       RCC_CSR EQU              0x24        ; Control/status re
                                                            gister
   45 00000000 00000028 
                       RCC_AHBRSTR
                               EQU              0x28        ; AHB peripheral re
                                                            set register
   46 00000000 0000002C 
                       RCC_CFGR2



ARM Macro Assembler    Page 3 


                               EQU              0x2C        ; Clock configurati
                                                            on register 2
   47 00000000 00000030 
                       RCC_CFGR3
                               EQU              0x30        ; Clock configurati
                                                            on register 3
   48 00000000 00000034 
                       RCC_CR2 EQU              0x34        ; Clock control reg
                                                            ister 2
   49 00000000         ;---------------------------;
   50 00000000 00000000 
                       TIM6_CR1
                               EQU              0x00
   51 00000000 00000004 
                       TIM6_CR2
                               EQU              0x04
   52 00000000 0000000C 
                       TIM6_DIER
                               EQU              0x0C
   53 00000000 00000010 
                       TIM6_SR EQU              0x10
   54 00000000 00000014 
                       TIM6_EGR
                               EQU              0x14
   55 00000000 00000024 
                       TIM6_CNT
                               EQU              0x24
   56 00000000 00000028 
                       TIM6_PSC
                               EQU              0x28
   57 00000000 0000002C 
                       TIM6_ARR
                               EQU              0x2C
   58 00000000         ;===========================
   59 00000000 00000001 
                       Pin0    EQU              0x0001
   60 00000000 00000002 
                       Pin1    EQU              0x0002
   61 00000000 00000004 
                       Pin2    EQU              0x0004
   62 00000000 00000008 
                       Pin3    EQU              0x0008
   63 00000000 00000010 
                       Pin4    EQU              0x0010
   64 00000000 00000020 
                       Pin5    EQU              0x0020
   65 00000000 00000040 
                       Pin6    EQU              0x0040
   66 00000000 00000080 
                       Pin7    EQU              0x0080
   67 00000000 00000100 
                       Pin8    EQU              0x0100
   68 00000000 00000200 
                       Pin9    EQU              0x0200
   69 00000000 00000400 
                       Pin10   EQU              0x0400
   70 00000000 00000800 
                       Pin11   EQU              0x0800
   71 00000000 00001000 



ARM Macro Assembler    Page 4 


                       Pin12   EQU              0x1000
   72 00000000 00002000 
                       Pin13   EQU              0x2000
   73 00000000 00004000 
                       Pin14   EQU              0x4000
   74 00000000 00008000 
                       Pin15   EQU              0x8000
   75 00000000         ;===========================
   76 00000000                 END
Command Line: --debug --xref --cpu=Cortex-M0 --apcs=interwork --depend=.\obj\De
finition.d -o.\obj\Definition.o -ID:\Program_Files\Keil\ARM\RV31\Inc -ID:\Progr
am_Files\Keil\ARM\CMSIS\Include -ID:\Program_Files\Keil\ARM\Inc\ST\STM32F0xx --
predefine="__EVAL SETA 1" --list=.\obj\Definition.lst Definition.asm



ARM Macro Assembler    Page 1 Alphabetic symbol ordering
Absolute symbols

AFRH 00000024

Symbol: AFRH
   Definitions
      At line 32 in file Definition.asm
   Uses
      None
Comment: AFRH unused
AFRL 00000020

Symbol: AFRL
   Definitions
      At line 31 in file Definition.asm
   Uses
      None
Comment: AFRL unused
BRR 00000028

Symbol: BRR
   Definitions
      At line 33 in file Definition.asm
   Uses
      None
Comment: BRR unused
BSRR 00000018

Symbol: BSRR
   Definitions
      At line 29 in file Definition.asm
   Uses
      None
Comment: BSRR unused
DAC 40007400

Symbol: DAC
   Definitions
      At line 17 in file Definition.asm
   Uses
      None
Comment: DAC unused
GPIOA 48000000

Symbol: GPIOA
   Definitions
      At line 10 in file Definition.asm
   Uses
      None
Comment: GPIOA unused
GPIOB 48000400

Symbol: GPIOB
   Definitions
      At line 11 in file Definition.asm
   Uses
      None
Comment: GPIOB unused
GPIOC 48000800

Symbol: GPIOC



ARM Macro Assembler    Page 2 Alphabetic symbol ordering
Absolute symbols

   Definitions
      At line 12 in file Definition.asm
   Uses
      None
Comment: GPIOC unused
ICPR E000E280

Symbol: ICPR
   Definitions
      At line 21 in file Definition.asm
   Uses
      None
Comment: ICPR unused
IDR 00000010

Symbol: IDR
   Definitions
      At line 27 in file Definition.asm
   Uses
      None
Comment: IDR unused
ISER E000E100

Symbol: ISER
   Definitions
      At line 19 in file Definition.asm
   Uses
      None
Comment: ISER unused
ISPR E000E200

Symbol: ISPR
   Definitions
      At line 20 in file Definition.asm
   Uses
      None
Comment: ISPR unused
LCKR 0000001C

Symbol: LCKR
   Definitions
      At line 30 in file Definition.asm
   Uses
      None
Comment: LCKR unused
MODER 00000000

Symbol: MODER
   Definitions
      At line 23 in file Definition.asm
   Uses
      None
Comment: MODER unused
ODR 00000014

Symbol: ODR
   Definitions
      At line 28 in file Definition.asm
   Uses



ARM Macro Assembler    Page 3 Alphabetic symbol ordering
Absolute symbols

      None
Comment: ODR unused
OSPEEDR 00000008

Symbol: OSPEEDR
   Definitions
      At line 25 in file Definition.asm
   Uses
      None
Comment: OSPEEDR unused
OTYPER 00000004

Symbol: OTYPER
   Definitions
      At line 24 in file Definition.asm
   Uses
      None
Comment: OTYPER unused
PUPDR 0000000C

Symbol: PUPDR
   Definitions
      At line 26 in file Definition.asm
   Uses
      None
Comment: PUPDR unused
Pin0 00000001

Symbol: Pin0
   Definitions
      At line 59 in file Definition.asm
   Uses
      None
Comment: Pin0 unused
Pin1 00000002

Symbol: Pin1
   Definitions
      At line 60 in file Definition.asm
   Uses
      None
Comment: Pin1 unused
Pin10 00000400

Symbol: Pin10
   Definitions
      At line 69 in file Definition.asm
   Uses
      None
Comment: Pin10 unused
Pin11 00000800

Symbol: Pin11
   Definitions
      At line 70 in file Definition.asm
   Uses
      None
Comment: Pin11 unused
Pin12 00001000



ARM Macro Assembler    Page 4 Alphabetic symbol ordering
Absolute symbols


Symbol: Pin12
   Definitions
      At line 71 in file Definition.asm
   Uses
      None
Comment: Pin12 unused
Pin13 00002000

Symbol: Pin13
   Definitions
      At line 72 in file Definition.asm
   Uses
      None
Comment: Pin13 unused
Pin14 00004000

Symbol: Pin14
   Definitions
      At line 73 in file Definition.asm
   Uses
      None
Comment: Pin14 unused
Pin15 00008000

Symbol: Pin15
   Definitions
      At line 74 in file Definition.asm
   Uses
      None
Comment: Pin15 unused
Pin2 00000004

Symbol: Pin2
   Definitions
      At line 61 in file Definition.asm
   Uses
      None
Comment: Pin2 unused
Pin3 00000008

Symbol: Pin3
   Definitions
      At line 62 in file Definition.asm
   Uses
      None
Comment: Pin3 unused
Pin4 00000010

Symbol: Pin4
   Definitions
      At line 63 in file Definition.asm
   Uses
      None
Comment: Pin4 unused
Pin5 00000020

Symbol: Pin5
   Definitions



ARM Macro Assembler    Page 5 Alphabetic symbol ordering
Absolute symbols

      At line 64 in file Definition.asm
   Uses
      None
Comment: Pin5 unused
Pin6 00000040

Symbol: Pin6
   Definitions
      At line 65 in file Definition.asm
   Uses
      None
Comment: Pin6 unused
Pin7 00000080

Symbol: Pin7
   Definitions
      At line 66 in file Definition.asm
   Uses
      None
Comment: Pin7 unused
Pin8 00000100

Symbol: Pin8
   Definitions
      At line 67 in file Definition.asm
   Uses
      None
Comment: Pin8 unused
Pin9 00000200

Symbol: Pin9
   Definitions
      At line 68 in file Definition.asm
   Uses
      None
Comment: Pin9 unused
RCC 40021000

Symbol: RCC
   Definitions
      At line 13 in file Definition.asm
   Uses
      None
Comment: RCC unused
RCC_AHBENR 00000014

Symbol: RCC_AHBENR
   Definitions
      At line 40 in file Definition.asm
   Uses
      None
Comment: RCC_AHBENR unused
RCC_AHBRSTR 00000028

Symbol: RCC_AHBRSTR
   Definitions
      At line 45 in file Definition.asm
   Uses
      None



ARM Macro Assembler    Page 6 Alphabetic symbol ordering
Absolute symbols

Comment: RCC_AHBRSTR unused
RCC_APB1ENR 0000001C

Symbol: RCC_APB1ENR
   Definitions
      At line 42 in file Definition.asm
   Uses
      None
Comment: RCC_APB1ENR unused
RCC_APB1RSTR 00000010

Symbol: RCC_APB1RSTR
   Definitions
      At line 39 in file Definition.asm
   Uses
      None
Comment: RCC_APB1RSTR unused
RCC_APB2ENR 00000018

Symbol: RCC_APB2ENR
   Definitions
      At line 41 in file Definition.asm
   Uses
      None
Comment: RCC_APB2ENR unused
RCC_APB2RSTR 0000000C

Symbol: RCC_APB2RSTR
   Definitions
      At line 38 in file Definition.asm
   Uses
      None
Comment: RCC_APB2RSTR unused
RCC_BDCR 00000020

Symbol: RCC_BDCR
   Definitions
      At line 43 in file Definition.asm
   Uses
      None
Comment: RCC_BDCR unused
RCC_CFGR 00000004

Symbol: RCC_CFGR
   Definitions
      At line 36 in file Definition.asm
   Uses
      None
Comment: RCC_CFGR unused
RCC_CFGR2 0000002C

Symbol: RCC_CFGR2
   Definitions
      At line 46 in file Definition.asm
   Uses
      None
Comment: RCC_CFGR2 unused
RCC_CFGR3 00000030




ARM Macro Assembler    Page 7 Alphabetic symbol ordering
Absolute symbols

Symbol: RCC_CFGR3
   Definitions
      At line 47 in file Definition.asm
   Uses
      None
Comment: RCC_CFGR3 unused
RCC_CIR 00000008

Symbol: RCC_CIR
   Definitions
      At line 37 in file Definition.asm
   Uses
      None
Comment: RCC_CIR unused
RCC_CR 00000000

Symbol: RCC_CR
   Definitions
      At line 35 in file Definition.asm
   Uses
      None
Comment: RCC_CR unused
RCC_CR2 00000034

Symbol: RCC_CR2
   Definitions
      At line 48 in file Definition.asm
   Uses
      None
Comment: RCC_CR2 unused
RCC_CSR 00000024

Symbol: RCC_CSR
   Definitions
      At line 44 in file Definition.asm
   Uses
      None
Comment: RCC_CSR unused
SPI1 40013000

Symbol: SPI1
   Definitions
      At line 15 in file Definition.asm
   Uses
      None
Comment: SPI1 unused
SPI2 40003800

Symbol: SPI2
   Definitions
      At line 16 in file Definition.asm
   Uses
      None
Comment: SPI2 unused
TIM1 40012C00

Symbol: TIM1
   Definitions
      At line 14 in file Definition.asm



ARM Macro Assembler    Page 8 Alphabetic symbol ordering
Absolute symbols

   Uses
      None
Comment: TIM1 unused
TIM6 40001000

Symbol: TIM6
   Definitions
      At line 18 in file Definition.asm
   Uses
      None
Comment: TIM6 unused
TIM6_ARR 0000002C

Symbol: TIM6_ARR
   Definitions
      At line 57 in file Definition.asm
   Uses
      None
Comment: TIM6_ARR unused
TIM6_CNT 00000024

Symbol: TIM6_CNT
   Definitions
      At line 55 in file Definition.asm
   Uses
      None
Comment: TIM6_CNT unused
TIM6_CR1 00000000

Symbol: TIM6_CR1
   Definitions
      At line 50 in file Definition.asm
   Uses
      None
Comment: TIM6_CR1 unused
TIM6_CR2 00000004

Symbol: TIM6_CR2
   Definitions
      At line 51 in file Definition.asm
   Uses
      None
Comment: TIM6_CR2 unused
TIM6_DIER 0000000C

Symbol: TIM6_DIER
   Definitions
      At line 52 in file Definition.asm
   Uses
      None
Comment: TIM6_DIER unused
TIM6_EGR 00000014

Symbol: TIM6_EGR
   Definitions
      At line 54 in file Definition.asm
   Uses
      None
Comment: TIM6_EGR unused



ARM Macro Assembler    Page 9 Alphabetic symbol ordering
Absolute symbols

TIM6_PSC 00000028

Symbol: TIM6_PSC
   Definitions
      At line 56 in file Definition.asm
   Uses
      None
Comment: TIM6_PSC unused
TIM6_SR 00000010

Symbol: TIM6_SR
   Definitions
      At line 53 in file Definition.asm
   Uses
      None
Comment: TIM6_SR unused
61 symbols
392 symbols in table
