


ARM Macro Assembler    Page 1 


    1 00000000 00000400 
                       Stack_Size
                               EQU              0x00000400
    2 00000000         
    3 00000000                 AREA             STACK, NOINIT, READWRITE, ALIGN
=3
    4 00000000         Stack_Mem
                               SPACE            Stack_Size
    5 00000400         __initial_sp
    6 00000400         
    7 00000400         ; Vector Table Mapped to Address 0 at Reset
    8 00000400                 AREA             RESET, DATA, READONLY
    9 00000000                 EXPORT           __Vectors
   10 00000000                 EXPORT           __Vectors_End
   11 00000000                 EXPORT           __Vectors_Size
   12 00000000         
   13 00000000 00000000 
                       __Vectors
                               DCD              __initial_sp ; Top of Stack
   14 00000004 00000000        DCD              Reset_Handler ; Reset Handler
   15 00000008 00000000        DCD              NMI_Handler ; NMI Handler
   16 0000000C 00000000        DCD              HardFault_Handler ; Hard Fault 
                                                            Handler
   17 00000010 00000000        DCD              0           ; Reserved
   18 00000014 00000000        DCD              0           ; Reserved
   19 00000018 00000000        DCD              0           ; Reserved
   20 0000001C 00000000        DCD              0           ; Reserved
   21 00000020 00000000        DCD              0           ; Reserved
   22 00000024 00000000        DCD              0           ; Reserved
   23 00000028 00000000        DCD              0           ; Reserved
   24 0000002C 00000000        DCD              SVC_Handler ; SVCall Handler
   25 00000030 00000000        DCD              0           ; Reserved
   26 00000034 00000000        DCD              0           ; Reserved
   27 00000038 00000000        DCD              PendSV_Handler ; PendSV Handler
                                                            
   28 0000003C 00000000        DCD              SysTick_Handler 
                                                            ; SysTick Handler
   29 00000040         
   30 00000040         ; External Interrupts
   31 00000040 00000000        DCD              WWDG_IRQHandler 
                                                            ; Window Watchdog
   32 00000044 00000000        DCD              PVD_IRQHandler ; PVD through EX
                                                            TI Line detect
   33 00000048 00000000        DCD              RTC_IRQHandler ; RTC through EX
                                                            TI Line
   34 0000004C 00000000        DCD              FLASH_IRQHandler ; FLASH
   35 00000050 00000000        DCD              RCC_IRQHandler ; RCC
   36 00000054 00000000        DCD              EXTI0_1_IRQHandler 
                                                            ; EXTI Line 0 and 1
                                                            
   37 00000058 00000000        DCD              EXTI2_3_IRQHandler 
                                                            ; EXTI Line 2 and 3
                                                            
   38 0000005C 00000000        DCD              EXTI4_15_IRQHandler 
                                                            ; EXTI Line 4 to 15
                                                            
   39 00000060 00000000        DCD              TS_IRQHandler ; TS
   40 00000064 00000000        DCD              DMA1_Channel1_IRQHandler 
                                                            ; DMA1 Channel 1



ARM Macro Assembler    Page 2 


   41 00000068 00000000        DCD              DMA1_Channel2_3_IRQHandler ; DM
                                                            A1 Channel 2 and Ch
                                                            annel 3
   42 0000006C 00000000        DCD              DMA1_Channel4_5_IRQHandler ; DM
                                                            A1 Channel 4 and Ch
                                                            annel 5
   43 00000070 00000000        DCD              ADC1_COMP_IRQHandler ; ADC1, CO
                                                            MP1 and COMP2 
   44 00000074 00000000        DCD              TIM1_BRK_UP_TRG_COM_IRQHandler 
                                                            ; TIM1 Break, Updat
                                                            e, Trigger and Comm
                                                            utation
   45 00000078 00000000        DCD              TIM1_CC_IRQHandler ; TIM1 Captu
                                                            re Compare
   46 0000007C 00000000        DCD              TIM2_IRQHandler ; TIM2
   47 00000080 00000000        DCD              TIM3_IRQHandler ; TIM3
   48 00000084 00000000        DCD              TIM6_DAC_IRQHandler 
                                                            ; TIM6 and DAC
   49 00000088 00000000        DCD              0           ; Reserved
   50 0000008C 00000000        DCD              TIM14_IRQHandler ; TIM14
   51 00000090 00000000        DCD              TIM15_IRQHandler ; TIM15
   52 00000094 00000000        DCD              TIM16_IRQHandler ; TIM16
   53 00000098 00000000        DCD              TIM17_IRQHandler ; TIM17
   54 0000009C 00000000        DCD              I2C1_IRQHandler ; I2C1
   55 000000A0 00000000        DCD              I2C2_IRQHandler ; I2C2
   56 000000A4 00000000        DCD              SPI1_IRQHandler ; SPI1
   57 000000A8 00000000        DCD              SPI2_IRQHandler ; SPI2
   58 000000AC 00000000        DCD              USART1_IRQHandler ; USART1
   59 000000B0 00000000        DCD              USART2_IRQHandler ; USART2
   60 000000B4 00000000        DCD              0           ; Reserved
   61 000000B8 00000000        DCD              CEC_IRQHandler ; CEC
   62 000000BC 00000000        DCD              0           ; Reserved
   63 000000C0         
   64 000000C0         __Vectors_End
   65 000000C0         
   66 000000C0 000000C0 
                       __Vectors_Size
                               EQU              __Vectors_End - __Vectors
   67 000000C0         
   68 000000C0                 AREA             StartCode, CODE, READONLY
   69 00000000         
   70 00000000         
   71 00000000         Reset_Handler
                               PROC
   72 00000000                 EXPORT           Reset_Handler ; Open label Rese
                                                            t_Handler for use i
                                                            n other project fil
                                                            e.               
   73 00000000                 IMPORT           Main        ; Import label from
                                                             Startup.asm
   74 00000000                 IMPORT           SystemInit
   75 00000000 4806            LDR              R0, =SystemInit
   76 00000002 4780            BLX              R0          ; Jump on label Sys
                                                            temInit(with return
                                                             from label) 
   77 00000004 4806            LDR              R0, =Main
   78 00000006 4700            BX               R0          ; Jump on label Mai
                                                            n(without return)
   79 00000008                 ENDP



ARM Macro Assembler    Page 3 


   80 00000008         
   81 00000008         ; Dummy Exception Handlers (infinite loops which can be 
                       modified)
   82 00000008         
   83 00000008         NMI_Handler
                               PROC
   84 00000008                 EXPORT           NMI_Handler
   85 00000008 4806            LDR              R0,=0x48000814
   86 0000000A 4907            LDR              R1,=0x0200
   87 0000000C 6001            STR              R1,[R0]
   88 0000000E E7FE            B                .
   89 00000010                 ENDP
   90 00000010         HardFault_Handler
                               PROC
   91 00000010                 EXPORT           HardFault_Handler              
[WEAK]
   92 00000010 E7FE            B                .
   93 00000012                 ENDP
   94 00000012         SVC_Handler
                               PROC
   95 00000012                 EXPORT           SVC_Handler                    
[WEAK]
   96 00000012 E7FE            B                .
   97 00000014                 ENDP
   98 00000014         PendSV_Handler
                               PROC
   99 00000014                 EXPORT           PendSV_Handler                 
[WEAK]
  100 00000014 E7FE            B                .
  101 00000016                 ENDP
  102 00000016         SysTick_Handler
                               PROC
  103 00000016                 EXPORT           SysTick_Handler                
[WEAK]
  104 00000016 E7FE            B                .
  105 00000018                 ENDP
  106 00000018         
  107 00000018         Default_Handler
                               PROC
  108 00000018         
  109 00000018                 EXPORT           WWDG_IRQHandler                
[WEAK]
  110 00000018                 EXPORT           PVD_IRQHandler                 
[WEAK]
  111 00000018                 EXPORT           RTC_IRQHandler                 
[WEAK]
  112 00000018                 EXPORT           FLASH_IRQHandler               
[WEAK]
  113 00000018                 EXPORT           RCC_IRQHandler                 
[WEAK]
  114 00000018                 EXPORT           EXTI0_1_IRQHandler             
[WEAK]
  115 00000018                 EXPORT           EXTI2_3_IRQHandler             
[WEAK]
  116 00000018                 EXPORT           EXTI4_15_IRQHandler            
[WEAK]
  117 00000018                 EXPORT           TS_IRQHandler                  
[WEAK]
  118 00000018                 EXPORT           DMA1_Channel1_IRQHandler       



ARM Macro Assembler    Page 4 


[WEAK]
  119 00000018                 EXPORT           DMA1_Channel2_3_IRQHandler     
[WEAK]
  120 00000018                 EXPORT           DMA1_Channel4_5_IRQHandler     
[WEAK]
  121 00000018                 EXPORT           ADC1_COMP_IRQHandler           
[WEAK]
  122 00000018                 EXPORT           TIM1_BRK_UP_TRG_COM_IRQHandler 
[WEAK]
  123 00000018                 EXPORT           TIM1_CC_IRQHandler             
[WEAK]
  124 00000018                 EXPORT           TIM2_IRQHandler                
[WEAK]
  125 00000018                 EXPORT           TIM3_IRQHandler                
[WEAK]
  126 00000018                 EXPORT           TIM6_DAC_IRQHandler            
[WEAK]
  127 00000018                 EXPORT           TIM14_IRQHandler               
[WEAK]
  128 00000018                 EXPORT           TIM15_IRQHandler               
[WEAK]
  129 00000018                 EXPORT           TIM16_IRQHandler               
[WEAK]
  130 00000018                 EXPORT           TIM17_IRQHandler               
[WEAK]
  131 00000018                 EXPORT           I2C1_IRQHandler                
[WEAK]
  132 00000018                 EXPORT           I2C2_IRQHandler                
[WEAK]
  133 00000018                 EXPORT           SPI1_IRQHandler                
[WEAK]
  134 00000018                 EXPORT           SPI2_IRQHandler                
[WEAK]
  135 00000018                 EXPORT           USART1_IRQHandler              
[WEAK]
  136 00000018                 EXPORT           USART2_IRQHandler              
[WEAK]
  137 00000018                 EXPORT           CEC_IRQHandler                 
[WEAK]
  138 00000018         
  139 00000018         
  140 00000018         WWDG_IRQHandler
  141 00000018         PVD_IRQHandler
  142 00000018         RTC_IRQHandler
  143 00000018         FLASH_IRQHandler
  144 00000018         RCC_IRQHandler
  145 00000018         EXTI0_1_IRQHandler
  146 00000018         EXTI2_3_IRQHandler
  147 00000018         EXTI4_15_IRQHandler
  148 00000018         TS_IRQHandler
  149 00000018         DMA1_Channel1_IRQHandler
  150 00000018         DMA1_Channel2_3_IRQHandler
  151 00000018         DMA1_Channel4_5_IRQHandler
  152 00000018         ADC1_COMP_IRQHandler
  153 00000018         TIM1_BRK_UP_TRG_COM_IRQHandler
  154 00000018         TIM1_CC_IRQHandler
  155 00000018         TIM2_IRQHandler
  156 00000018         TIM3_IRQHandler
  157 00000018         TIM6_DAC_IRQHandler



ARM Macro Assembler    Page 5 


  158 00000018         TIM14_IRQHandler
  159 00000018         TIM15_IRQHandler
  160 00000018         TIM16_IRQHandler
  161 00000018         TIM17_IRQHandler
  162 00000018         I2C1_IRQHandler
  163 00000018         I2C2_IRQHandler
  164 00000018         SPI1_IRQHandler
  165 00000018         SPI2_IRQHandler
  166 00000018         USART1_IRQHandler
  167 00000018         USART2_IRQHandler
  168 00000018         CEC_IRQHandler
  169 00000018 E7FE            B                .
  170 0000001A                 ENDP
  171 0000001A                 END
              00 00 00000000 
              00000000 
              48000814 
              00000200 
Command Line: --debug --xref --cpu=Cortex-M0 --apcs=interwork --depend=.\obj\st
artup_stm32f0xx.d -o.\obj\startup_stm32f0xx.o -ID:\Program_Files\Keil\ARM\RV31\
Inc -ID:\Program_Files\Keil\ARM\CMSIS\Include -ID:\Program_Files\Keil\ARM\Inc\S
T\STM32F0xx --predefine="__EVAL SETA 1" --list=.\obj\startup_stm32f0xx.lst star
tup_stm32f0xx.s



ARM Macro Assembler    Page 1 Alphabetic symbol ordering
Relocatable symbols

STACK 00000000

Symbol: STACK
   Definitions
      At line 3 in file startup_stm32f0xx.s
   Uses
      None
Comment: STACK unused
Stack_Mem 00000000

Symbol: Stack_Mem
   Definitions
      At line 4 in file startup_stm32f0xx.s
   Uses
      None
Comment: Stack_Mem unused
__initial_sp 00000400

Symbol: __initial_sp
   Definitions
      At line 5 in file startup_stm32f0xx.s
   Uses
      At line 13 in file startup_stm32f0xx.s
Comment: __initial_sp used once
3 symbols



ARM Macro Assembler    Page 1 Alphabetic symbol ordering
Relocatable symbols

RESET 00000000

Symbol: RESET
   Definitions
      At line 8 in file startup_stm32f0xx.s
   Uses
      None
Comment: RESET unused
__Vectors 00000000

Symbol: __Vectors
   Definitions
      At line 13 in file startup_stm32f0xx.s
   Uses
      At line 9 in file startup_stm32f0xx.s
      At line 66 in file startup_stm32f0xx.s

__Vectors_End 000000C0

Symbol: __Vectors_End
   Definitions
      At line 64 in file startup_stm32f0xx.s
   Uses
      At line 10 in file startup_stm32f0xx.s
      At line 66 in file startup_stm32f0xx.s

3 symbols



ARM Macro Assembler    Page 1 Alphabetic symbol ordering
Relocatable symbols

ADC1_COMP_IRQHandler 00000018

Symbol: ADC1_COMP_IRQHandler
   Definitions
      At line 152 in file startup_stm32f0xx.s
   Uses
      At line 43 in file startup_stm32f0xx.s
      At line 121 in file startup_stm32f0xx.s

CEC_IRQHandler 00000018

Symbol: CEC_IRQHandler
   Definitions
      At line 168 in file startup_stm32f0xx.s
   Uses
      At line 61 in file startup_stm32f0xx.s
      At line 137 in file startup_stm32f0xx.s

DMA1_Channel1_IRQHandler 00000018

Symbol: DMA1_Channel1_IRQHandler
   Definitions
      At line 149 in file startup_stm32f0xx.s
   Uses
      At line 40 in file startup_stm32f0xx.s
      At line 118 in file startup_stm32f0xx.s

DMA1_Channel2_3_IRQHandler 00000018

Symbol: DMA1_Channel2_3_IRQHandler
   Definitions
      At line 150 in file startup_stm32f0xx.s
   Uses
      At line 41 in file startup_stm32f0xx.s
      At line 119 in file startup_stm32f0xx.s

DMA1_Channel4_5_IRQHandler 00000018

Symbol: DMA1_Channel4_5_IRQHandler
   Definitions
      At line 151 in file startup_stm32f0xx.s
   Uses
      At line 42 in file startup_stm32f0xx.s
      At line 120 in file startup_stm32f0xx.s

Default_Handler 00000018

Symbol: Default_Handler
   Definitions
      At line 107 in file startup_stm32f0xx.s
   Uses
      None
Comment: Default_Handler unused
EXTI0_1_IRQHandler 00000018

Symbol: EXTI0_1_IRQHandler
   Definitions
      At line 145 in file startup_stm32f0xx.s
   Uses



ARM Macro Assembler    Page 2 Alphabetic symbol ordering
Relocatable symbols

      At line 36 in file startup_stm32f0xx.s
      At line 114 in file startup_stm32f0xx.s

EXTI2_3_IRQHandler 00000018

Symbol: EXTI2_3_IRQHandler
   Definitions
      At line 146 in file startup_stm32f0xx.s
   Uses
      At line 37 in file startup_stm32f0xx.s
      At line 115 in file startup_stm32f0xx.s

EXTI4_15_IRQHandler 00000018

Symbol: EXTI4_15_IRQHandler
   Definitions
      At line 147 in file startup_stm32f0xx.s
   Uses
      At line 38 in file startup_stm32f0xx.s
      At line 116 in file startup_stm32f0xx.s

FLASH_IRQHandler 00000018

Symbol: FLASH_IRQHandler
   Definitions
      At line 143 in file startup_stm32f0xx.s
   Uses
      At line 34 in file startup_stm32f0xx.s
      At line 112 in file startup_stm32f0xx.s

HardFault_Handler 00000010

Symbol: HardFault_Handler
   Definitions
      At line 90 in file startup_stm32f0xx.s
   Uses
      At line 16 in file startup_stm32f0xx.s
      At line 91 in file startup_stm32f0xx.s

I2C1_IRQHandler 00000018

Symbol: I2C1_IRQHandler
   Definitions
      At line 162 in file startup_stm32f0xx.s
   Uses
      At line 54 in file startup_stm32f0xx.s
      At line 131 in file startup_stm32f0xx.s

I2C2_IRQHandler 00000018

Symbol: I2C2_IRQHandler
   Definitions
      At line 163 in file startup_stm32f0xx.s
   Uses
      At line 55 in file startup_stm32f0xx.s
      At line 132 in file startup_stm32f0xx.s

NMI_Handler 00000008




ARM Macro Assembler    Page 3 Alphabetic symbol ordering
Relocatable symbols

Symbol: NMI_Handler
   Definitions
      At line 83 in file startup_stm32f0xx.s
   Uses
      At line 15 in file startup_stm32f0xx.s
      At line 84 in file startup_stm32f0xx.s

PVD_IRQHandler 00000018

Symbol: PVD_IRQHandler
   Definitions
      At line 141 in file startup_stm32f0xx.s
   Uses
      At line 32 in file startup_stm32f0xx.s
      At line 110 in file startup_stm32f0xx.s

PendSV_Handler 00000014

Symbol: PendSV_Handler
   Definitions
      At line 98 in file startup_stm32f0xx.s
   Uses
      At line 27 in file startup_stm32f0xx.s
      At line 99 in file startup_stm32f0xx.s

RCC_IRQHandler 00000018

Symbol: RCC_IRQHandler
   Definitions
      At line 144 in file startup_stm32f0xx.s
   Uses
      At line 35 in file startup_stm32f0xx.s
      At line 113 in file startup_stm32f0xx.s

RTC_IRQHandler 00000018

Symbol: RTC_IRQHandler
   Definitions
      At line 142 in file startup_stm32f0xx.s
   Uses
      At line 33 in file startup_stm32f0xx.s
      At line 111 in file startup_stm32f0xx.s

Reset_Handler 00000000

Symbol: Reset_Handler
   Definitions
      At line 71 in file startup_stm32f0xx.s
   Uses
      At line 14 in file startup_stm32f0xx.s
      At line 72 in file startup_stm32f0xx.s

SPI1_IRQHandler 00000018

Symbol: SPI1_IRQHandler
   Definitions
      At line 164 in file startup_stm32f0xx.s
   Uses
      At line 56 in file startup_stm32f0xx.s



ARM Macro Assembler    Page 4 Alphabetic symbol ordering
Relocatable symbols

      At line 133 in file startup_stm32f0xx.s

SPI2_IRQHandler 00000018

Symbol: SPI2_IRQHandler
   Definitions
      At line 165 in file startup_stm32f0xx.s
   Uses
      At line 57 in file startup_stm32f0xx.s
      At line 134 in file startup_stm32f0xx.s

SVC_Handler 00000012

Symbol: SVC_Handler
   Definitions
      At line 94 in file startup_stm32f0xx.s
   Uses
      At line 24 in file startup_stm32f0xx.s
      At line 95 in file startup_stm32f0xx.s

StartCode 00000000

Symbol: StartCode
   Definitions
      At line 68 in file startup_stm32f0xx.s
   Uses
      None
Comment: StartCode unused
SysTick_Handler 00000016

Symbol: SysTick_Handler
   Definitions
      At line 102 in file startup_stm32f0xx.s
   Uses
      At line 28 in file startup_stm32f0xx.s
      At line 103 in file startup_stm32f0xx.s

TIM14_IRQHandler 00000018

Symbol: TIM14_IRQHandler
   Definitions
      At line 158 in file startup_stm32f0xx.s
   Uses
      At line 50 in file startup_stm32f0xx.s
      At line 127 in file startup_stm32f0xx.s

TIM15_IRQHandler 00000018

Symbol: TIM15_IRQHandler
   Definitions
      At line 159 in file startup_stm32f0xx.s
   Uses
      At line 51 in file startup_stm32f0xx.s
      At line 128 in file startup_stm32f0xx.s

TIM16_IRQHandler 00000018

Symbol: TIM16_IRQHandler
   Definitions



ARM Macro Assembler    Page 5 Alphabetic symbol ordering
Relocatable symbols

      At line 160 in file startup_stm32f0xx.s
   Uses
      At line 52 in file startup_stm32f0xx.s
      At line 129 in file startup_stm32f0xx.s

TIM17_IRQHandler 00000018

Symbol: TIM17_IRQHandler
   Definitions
      At line 161 in file startup_stm32f0xx.s
   Uses
      At line 53 in file startup_stm32f0xx.s
      At line 130 in file startup_stm32f0xx.s

TIM1_BRK_UP_TRG_COM_IRQHandler 00000018

Symbol: TIM1_BRK_UP_TRG_COM_IRQHandler
   Definitions
      At line 153 in file startup_stm32f0xx.s
   Uses
      At line 44 in file startup_stm32f0xx.s
      At line 122 in file startup_stm32f0xx.s

TIM1_CC_IRQHandler 00000018

Symbol: TIM1_CC_IRQHandler
   Definitions
      At line 154 in file startup_stm32f0xx.s
   Uses
      At line 45 in file startup_stm32f0xx.s
      At line 123 in file startup_stm32f0xx.s

TIM2_IRQHandler 00000018

Symbol: TIM2_IRQHandler
   Definitions
      At line 155 in file startup_stm32f0xx.s
   Uses
      At line 46 in file startup_stm32f0xx.s
      At line 124 in file startup_stm32f0xx.s

TIM3_IRQHandler 00000018

Symbol: TIM3_IRQHandler
   Definitions
      At line 156 in file startup_stm32f0xx.s
   Uses
      At line 47 in file startup_stm32f0xx.s
      At line 125 in file startup_stm32f0xx.s

TIM6_DAC_IRQHandler 00000018

Symbol: TIM6_DAC_IRQHandler
   Definitions
      At line 157 in file startup_stm32f0xx.s
   Uses
      At line 48 in file startup_stm32f0xx.s
      At line 126 in file startup_stm32f0xx.s




ARM Macro Assembler    Page 6 Alphabetic symbol ordering
Relocatable symbols

TS_IRQHandler 00000018

Symbol: TS_IRQHandler
   Definitions
      At line 148 in file startup_stm32f0xx.s
   Uses
      At line 39 in file startup_stm32f0xx.s
      At line 117 in file startup_stm32f0xx.s

USART1_IRQHandler 00000018

Symbol: USART1_IRQHandler
   Definitions
      At line 166 in file startup_stm32f0xx.s
   Uses
      At line 58 in file startup_stm32f0xx.s
      At line 135 in file startup_stm32f0xx.s

USART2_IRQHandler 00000018

Symbol: USART2_IRQHandler
   Definitions
      At line 167 in file startup_stm32f0xx.s
   Uses
      At line 59 in file startup_stm32f0xx.s
      At line 136 in file startup_stm32f0xx.s

WWDG_IRQHandler 00000018

Symbol: WWDG_IRQHandler
   Definitions
      At line 140 in file startup_stm32f0xx.s
   Uses
      At line 31 in file startup_stm32f0xx.s
      At line 109 in file startup_stm32f0xx.s

37 symbols



ARM Macro Assembler    Page 1 Alphabetic symbol ordering
Absolute symbols

Stack_Size 00000400

Symbol: Stack_Size
   Definitions
      At line 1 in file startup_stm32f0xx.s
   Uses
      At line 4 in file startup_stm32f0xx.s
Comment: Stack_Size used once
__Vectors_Size 000000C0

Symbol: __Vectors_Size
   Definitions
      At line 66 in file startup_stm32f0xx.s
   Uses
      At line 11 in file startup_stm32f0xx.s
Comment: __Vectors_Size used once
2 symbols



ARM Macro Assembler    Page 1 Alphabetic symbol ordering
External symbols

Main 00000000

Symbol: Main
   Definitions
      At line 73 in file startup_stm32f0xx.s
   Uses
      At line 77 in file startup_stm32f0xx.s
Comment: Main used once
SystemInit 00000000

Symbol: SystemInit
   Definitions
      At line 74 in file startup_stm32f0xx.s
   Uses
      At line 75 in file startup_stm32f0xx.s
Comment: SystemInit used once
2 symbols
380 symbols in table
