


ARM Macro Assembler    Page 1 


    1 00000000                 GET              Definition.asm
    1 00000000         ;===========Macro===========
    2 00000000                 MACRO
    3 00000000                 WriteIn          $Register,$Const
    4 00000000                 LDR              R0,=$Register
    5 00000000                 LDR              R1,=$Const
    6 00000000                 LDR              R1,[R0]
    7 00000000                 MEND
    8 00000000         
    9 00000000         ;===========================
   10 00000000 48000000 
                       GPIOA   EQU              0x48000000
   11 00000000 48000400 
                       GPIOB   EQU              0x48000400
   12 00000000 48000800 
                       GPIOC   EQU              0x48000800
   13 00000000 40021000 
                       RCC     EQU              0x40021000
   14 00000000 40012C00 
                       TIM1    EQU              0x40012C00
   15 00000000 40013000 
                       SPI1    EQU              0x40013000
   16 00000000 40003800 
                       SPI2    EQU              0x40003800
   17 00000000 40007400 
                       DAC     EQU              0x40007400
   18 00000000 40001000 
                       TIM6    EQU              0x40001000
   19 00000000 E000E100 
                       ISER    EQU              0xE000E100
   20 00000000 E000E200 
                       ISPR    EQU              0xE000E200
   21 00000000 E000E280 
                       ICPR    EQU              0xE000E280
   22 00000000         ;===========================
   23 00000000 00000000 
                       MODER   EQU              0x00        ; GPIO port mode re
                                                            gister
   24 00000000 00000004 
                       OTYPER  EQU              0x04        ; GPIO port output 
                                                            type register
   25 00000000 00000008 
                       OSPEEDR EQU              0x08        ; GPIO port output 
                                                            speed register
   26 00000000 0000000C 
                       PUPDR   EQU              0x0C        ; GPIO port pull-up
                                                            /pull-down register
                                                            
   27 00000000 00000010 
                       IDR     EQU              0x10        ; GPIO port input d
                                                            ata register
   28 00000000 00000014 
                       ODR     EQU              0x14        ; GPIO port output 
                                                            data register
   29 00000000 00000018 
                       BSRR    EQU              0x18        ; GPIO port bit set
                                                            /reset register
   30 00000000 0000001C 
                       LCKR    EQU              0x1C        ; GPIO port configu



ARM Macro Assembler    Page 2 


                                                            ration lock registe
                                                            r
   31 00000000 00000020 
                       AFRL    EQU              0x20        ; GPIO alternate fu
                                                            nction low register
                                                            
   32 00000000 00000024 
                       AFRH    EQU              0x24        ; GPIO alternate fu
                                                            nction high registe
                                                            r 
   33 00000000 00000028 
                       BRR     EQU              0x28        ; Port bit reset re
                                                            gister
   34 00000000         ;---------------------------;
   35 00000000 00000000 
                       RCC_CR  EQU              0x00        ; Clock control reg
                                                            ister 
   36 00000000 00000004 
                       RCC_CFGR
                               EQU              0x04        ; Clock configurati
                                                            on register
   37 00000000 00000008 
                       RCC_CIR EQU              0x08        ; Clock interrupt r
                                                            egister
   38 00000000 0000000C 
                       RCC_APB2RSTR
                               EQU              0x0C        ; APB peripheral re
                                                            set register 2
   39 00000000 00000010 
                       RCC_APB1RSTR
                               EQU              0x10        ; APB peripheral re
                                                            set register 1
   40 00000000 00000014 
                       RCC_AHBENR
                               EQU              0x14        ; AHB peripheral cl
                                                            ock enable register
                                                            
   41 00000000 00000018 
                       RCC_APB2ENR
                               EQU              0x18        ; APB peripheral cl
                                                            ock enable register
                                                             2
   42 00000000 0000001C 
                       RCC_APB1ENR
                               EQU              0x1C        ; APB peripheral cl
                                                            ock enable register
                                                             1 
   43 00000000 00000020 
                       RCC_BDCR
                               EQU              0x20        ; Backup domain con
                                                            trol register
   44 00000000 00000024 
                       RCC_CSR EQU              0x24        ; Control/status re
                                                            gister
   45 00000000 00000028 
                       RCC_AHBRSTR
                               EQU              0x28        ; AHB peripheral re
                                                            set register
   46 00000000 0000002C 



ARM Macro Assembler    Page 3 


                       RCC_CFGR2
                               EQU              0x2C        ; Clock configurati
                                                            on register 2
   47 00000000 00000030 
                       RCC_CFGR3
                               EQU              0x30        ; Clock configurati
                                                            on register 3
   48 00000000 00000034 
                       RCC_CR2 EQU              0x34        ; Clock control reg
                                                            ister 2
   49 00000000         ;---------------------------;
   50 00000000 00000000 
                       TIM6_CR1
                               EQU              0x00
   51 00000000 00000004 
                       TIM6_CR2
                               EQU              0x04
   52 00000000 0000000C 
                       TIM6_DIER
                               EQU              0x0C
   53 00000000 00000010 
                       TIM6_SR EQU              0x10
   54 00000000 00000014 
                       TIM6_EGR
                               EQU              0x14
   55 00000000 00000024 
                       TIM6_CNT
                               EQU              0x24
   56 00000000 00000028 
                       TIM6_PSC
                               EQU              0x28
   57 00000000 0000002C 
                       TIM6_ARR
                               EQU              0x2C
   58 00000000         ;===========================
   59 00000000 00000001 
                       Pin0    EQU              0x0001
   60 00000000 00000002 
                       Pin1    EQU              0x0002
   61 00000000 00000004 
                       Pin2    EQU              0x0004
   62 00000000 00000008 
                       Pin3    EQU              0x0008
   63 00000000 00000010 
                       Pin4    EQU              0x0010
   64 00000000 00000020 
                       Pin5    EQU              0x0020
   65 00000000 00000040 
                       Pin6    EQU              0x0040
   66 00000000 00000080 
                       Pin7    EQU              0x0080
   67 00000000 00000100 
                       Pin8    EQU              0x0100
   68 00000000 00000200 
                       Pin9    EQU              0x0200
   69 00000000 00000400 
                       Pin10   EQU              0x0400
   70 00000000 00000800 
                       Pin11   EQU              0x0800



ARM Macro Assembler    Page 4 


   71 00000000 00001000 
                       Pin12   EQU              0x1000
   72 00000000 00002000 
                       Pin13   EQU              0x2000
   73 00000000 00004000 
                       Pin14   EQU              0x4000
   74 00000000 00008000 
                       Pin15   EQU              0x8000
   75 00000000         ;===========================
   76 00000000                 END
    2 00000000                 EXPORT           SystemInit
    3 00000000                 EXPORT           Main
    4 00000000                 EXPORT           TIM6_DAC_IRQHandler
    5 00000000                 AREA             GeneralCodeSector,CODE,READONLY
    6 00000000         
    7 00000000         InitPortsIO
                               PROC
    8 00000000         ;-------------------GPIOA-------------------
    9 00000000 482E            LDR              R0,=GPIOA+MODER
   10 00000002         ;=========1=1=1=1=1=1=0=0=0=0=0=0=0=0=0=0=
   11 00000002         ;=========5=4=3=2=1=0=9=8=7=6=5=4=3=2=1=0= 
   12 00000002 492F            LDR              R1,=2_0000000000000000000000000
0000000
   13 00000004 6001            STR              R1,[R0]
   14 00000006 482F            LDR              R0,=GPIOA+OSPEEDR
   15 00000008         ;=========1=1=1=1=1=1=0=0=0=0=0=0=0=0=0=0=
   16 00000008         ;=========5=4=3=2=1=0=9=8=7=6=5=4=3=2=1=0= 
   17 00000008 492D            LDR              R1,=2_0000000000000000000000000
0000000
   18 0000000A 6001            STR              R1,[R0]
   19 0000000C 482E            LDR              R0,=GPIOA+PUPDR
   20 0000000E         ;=========1=1=1=1=1=1=0=0=0=0=0=0=0=0=0=0=
   21 0000000E         ;=========5=4=3=2=1=0=9=8=7=6=5=4=3=2=1=0= 
   22 0000000E 492C            LDR              R1,=2_0000000000000000000000000
0000000
   23 00000010 6001            STR              R1,[R0]
   24 00000012         ;-------------------GPIOB-------------------
   25 00000012 482E            LDR              R0,=GPIOB+MODER
   26 00000014         ;=========1=1=1=1=1=1=0=0=0=0=0=0=0=0=0=0=
   27 00000014         ;=========5=4=3=2=1=0=9=8=7=6=5=4=3=2=1=0= 
   28 00000014 492A            LDR              R1,=2_0000000000000000000000000
0000000
   29 00000016 6001            STR              R1,[R0]
   30 00000018 482D            LDR              R0,=GPIOB+OSPEEDR
   31 0000001A         ;=========1=1=1=1=1=1=0=0=0=0=0=0=0=0=0=0=
   32 0000001A         ;=========5=4=3=2=1=0=9=8=7=6=5=4=3=2=1=0= 
   33 0000001A 4929            LDR              R1,=2_0000000000000000000000000
0000000
   34 0000001C 6001            STR              R1,[R0]
   35 0000001E 482D            LDR              R0,=GPIOB+PUPDR
   36 00000020         ;=========1=1=1=1=1=1=0=0=0=0=0=0=0=0=0=0=
   37 00000020         ;=========5=4=3=2=1=0=9=8=7=6=5=4=3=2=1=0= 
   38 00000020 4927            LDR              R1,=2_0000000000000000000000000
0000000
   39 00000022 6001            STR              R1,[R0]
   40 00000024         ;-------------------GPIOC-------------------
   41 00000024 482C            LDR              R0,=GPIOC+MODER
   42 00000026         ;=========1=1=1=1=1=1=0=0=0=0=0=0=0=0=0=0= 
   43 00000026         ;=========5=4=3=2=1=0=9=8=7=6=5=4=3=2=1=0= 



ARM Macro Assembler    Page 5 


   44 00000026 492D            LDR              R1,=2_0000000000000101000000000
0000000
   45 00000028 6001            STR              R1,[R0]
   46 0000002A 482D            LDR              R0,=GPIOC+OSPEEDR
   47 0000002C         ;=========1=1=1=1=1=1=0=0=0=0=0=0=0=0=0=0=
   48 0000002C         ;=========5=4=3=2=1=0=9=8=7=6=5=4=3=2=1=0= 
   49 0000002C 492D            LDR              R1,=2_0000000000001111000000000
0000000
   50 0000002E 6001            STR              R1,[R0]
   51 00000030 4825            LDR              R0,=GPIOA+PUPDR
   52 00000032         ;=========1=1=1=1=1=1=0=0=0=0=0=0=0=0=0=0=
   53 00000032         ;=========5=4=3=2=1=0=9=8=7=6=5=4=3=2=1=0= 
   54 00000032 4923            LDR              R1,=2_0000000000000000000000000
0000000
   55 00000034 6001            STR              R1,[R0]
   56 00000036 4770            BX               LR
   57 00000038                 ENDP
   58 00000038         
   59 00000038         InitSystemClock
                               PROC
   60 00000038 482B            LDR              R0,=RCC+RCC_CFGR
   61 0000003A 4921            LDR              R1,=2_0000000000000000000000000
0000000
   62 0000003C 6001            STR              R1,[R0]
   63 0000003E         
   64 0000003E         WaitHSI
   65 0000003E         ; LDR R0,[RCC+RCC_CFGR]
   66 0000003E 6801            LDR              R1,[R0]
   67 00000040         
   68 00000040         
   69 00000040 482A            LDR              R0,=RCC+RCC_CR
   70 00000042 492B            LDR              R1,=2_0000000100000000000000000
0000001
   71 00000044 6001            STR              R1,[R0]
   72 00000046         
   73 00000046 4828            LDR              R0,=RCC+RCC_CFGR
   74 00000048 492A            LDR              R1,=2_0000010100101000000000000
0000010
   75 0000004A 6001            STR              R1,[R0]
   76 0000004C         
   77 0000004C 482A            LDR              R0,=RCC+RCC_AHBENR
   78 0000004E 492B            LDR              R1,=2_0000000000001010000000000
0000000
   79 00000050 6001            STR              R1,[R0]
   80 00000052         
   81 00000052 482B            LDR              R0,=RCC+RCC_APB2ENR
   82 00000054 492B            LDR              R1,=2_0000000000000000000110000
0000000
   83 00000056 6001            STR              R1,[R0]
   84 00000058         
   85 00000058 482B            LDR              R0,=RCC+RCC_APB1ENR
   86 0000005A 492C            LDR              R1,=2_0010000000000000000000000
0010000
   87 0000005C 6001            STR              R1,[R0]
   88 0000005E 4770            BX               LR
   89 00000060                 ENDP
   90 00000060         
   91 00000060         SystemInit
                               PROC



ARM Macro Assembler    Page 6 


   92 00000060         ;-------------------------------------------
   93 00000060         ;LDR R2,=Temp1
   94 00000060         ;LDR R1,=0x34569878
   95 00000060         ;STR R1,[R2];Write
   96 00000060         ;LDR R1,=0x00000000
   97 00000060         ;LDR R3,[R2];Read
   98 00000060         ;LDRH R4,[R2]
   99 00000060         ;LDRB R5,[R2]
  100 00000060         ;=======
  101 00000060 B501            PUSH             {R0,LR}
  102 00000062 482B            LDR              R0,=InitSystemClock
  103 00000064 4780            BLX              R0
  104 00000066 482B            LDR              R0,=InitPortsIO
  105 00000068 4780            BLX              R0
  106 0000006A 482B            LDR              R0,=TIM6+TIM6_CR1
  107 0000006C 492B            LDR              R1,=0x01
  108 0000006E 6001            STR              R1,[R0]
  109 00000070 482B            LDR              R0,=TIM6+TIM6_DIER
  110 00000072 492A            LDR              R1,=0x01
  111 00000074 6001            STR              R1,[R0]
  112 00000076 482B            LDR              R0,=TIM6+TIM6_PSC
  113 00000078 492B            LDR              R1,=0x000F
  114 0000007A 6001            STR              R1,[R0]
  115 0000007C 482B            LDR              R0,=TIM6+TIM6_ARR
  116 0000007E 492C            LDR              R1,=0xFFFF
  117 00000080 6001            STR              R1,[R0]
  118 00000082 482C            LDR              R0,=GPIOC+ODR
  119 00000084 492C            LDR              R1,=Pin8
  120 00000086 6001            STR              R1,[R0]
  121 00000088 482C            LDR              R0,=ISER
  122 0000008A 492D            LDR              R1,=0x20000
  123 0000008C 6001            STR              R1,[R0]
  124 0000008E B662            CPSIE            i
  125 00000090 BD01            POP              {R0,PC}
  126 00000092 4770            BX               LR
  127 00000094                 ENDP
  128 00000094         
  129 00000094         Main    PROC
  130 00000094 BF30            WFI
  131 00000096 E7FE            B                Main
  132 00000098                 ENDP
  133 00000098         
  134 00000098         TIM6_DAC_IRQHandler
                               PROC
  135 00000098         
  136 00000098 482A            LDR              R0,=GPIOA+IDR
  137 0000009A 6801            LDR              R1,[R0]
  138 0000009C 481F            LDR              R0,=0x0001
  139 0000009E 4001            ANDS             R1,R1,R0
  140 000000A0 D004            BEQ              SkipBLinkLed
  141 000000A2         
  142 000000A2 4824            LDR              R0,=GPIOC+ODR
  143 000000A4 6801            LDR              R1,[R0]
  144 000000A6 4A24            LDR              R2,=0x0100
  145 000000A8 404A            EORS             R2,R2,R1
  146 000000AA 6002            STR              R2,[R0]
  147 000000AC         
  148 000000AC         SkipBLinkLed
  149 000000AC                 WriteIn          TIM6+TIM6_SR,0x0000



ARM Macro Assembler    Page 7 


    4 000000AC 4826            LDR              R0,=TIM6+TIM6_SR
    5 000000AE 4904            LDR              R1,=0x0000
    6 000000B0 6801            LDR              R1,[R0]
  150 000000B2                 WriteIn          ICPR,0x20000
    4 000000B2 4826            LDR              R0,=ICPR
    5 000000B4 4922            LDR              R1,=0x20000
    6 000000B6 6801            LDR              R1,[R0]
  151 000000B8 4770            BX               LR
  152 000000BA                 ENDP
  153 000000BA         ;+++++++++++++++++++++++++++++++++++++++++++++++++++++++
                       ++++++++
  154 000000BA 00 00 48000000 
              00000000 
              48000008 
              4800000C 
              48000400 
              48000408 
              4800040C 
              48000800 
              00050000 
              48000808 
              000F0000 
              40021004 
              40021000 
              01000001 
              05280002 
              40021014 
              000A0000 
              40021018 
              00001800 
              4002101C 
              20000010 
              00000000 
              00000000 
              40001000 
              00000001 
              4000100C 
              40001028 
              0000000F 
              4000102C 
              0000FFFF 
              48000814 
              00000100 
              E000E100 
              00020000 
              48000010 
              40001010 
              E000E280         AREA             RAMData,DATA,READWRITE
  155 00000000 00 00   Temp1   DCW              0x00
  156 00000002 01      Temp2   DCB              0x01
  157 00000003                 END
Command Line: --debug --xref --cpu=Cortex-M0 --apcs=interwork --depend=.\obj\St
artup.d -o.\obj\Startup.o -ID:\Program_Files\Keil\ARM\RV31\Inc -ID:\Program_Fil
es\Keil\ARM\CMSIS\Include -ID:\Program_Files\Keil\ARM\Inc\ST\STM32F0xx --predef
ine="__EVAL SETA 1" --list=.\obj\Startup.lst Startup.asm



ARM Macro Assembler    Page 1 Alphabetic symbol ordering
Relocatable symbols

GeneralCodeSector 00000000

Symbol: GeneralCodeSector
   Definitions
      At line 5 in file Startup.asm
   Uses
      None
Comment: GeneralCodeSector unused
InitPortsIO 00000000

Symbol: InitPortsIO
   Definitions
      At line 7 in file Startup.asm
   Uses
      At line 104 in file Startup.asm
Comment: InitPortsIO used once
InitSystemClock 00000038

Symbol: InitSystemClock
   Definitions
      At line 59 in file Startup.asm
   Uses
      At line 102 in file Startup.asm
Comment: InitSystemClock used once
Main 00000094

Symbol: Main
   Definitions
      At line 129 in file Startup.asm
   Uses
      At line 3 in file Startup.asm
      At line 131 in file Startup.asm

SkipBLinkLed 000000AC

Symbol: SkipBLinkLed
   Definitions
      At line 148 in file Startup.asm
   Uses
      At line 140 in file Startup.asm
Comment: SkipBLinkLed used once
SystemInit 00000060

Symbol: SystemInit
   Definitions
      At line 91 in file Startup.asm
   Uses
      At line 2 in file Startup.asm
Comment: SystemInit used once
TIM6_DAC_IRQHandler 00000098

Symbol: TIM6_DAC_IRQHandler
   Definitions
      At line 134 in file Startup.asm
   Uses
      At line 4 in file Startup.asm
Comment: TIM6_DAC_IRQHandler used once
WaitHSI 0000003E




ARM Macro Assembler    Page 2 Alphabetic symbol ordering
Relocatable symbols

Symbol: WaitHSI
   Definitions
      At line 64 in file Startup.asm
   Uses
      None
Comment: WaitHSI unused
8 symbols



ARM Macro Assembler    Page 1 Alphabetic symbol ordering
Relocatable symbols

RAMData 00000000

Symbol: RAMData
   Definitions
      At line 154 in file Startup.asm
   Uses
      None
Comment: RAMData unused
Temp1 00000000

Symbol: Temp1
   Definitions
      At line 155 in file Startup.asm
   Uses
      None
Comment: Temp1 unused
Temp2 00000002

Symbol: Temp2
   Definitions
      At line 156 in file Startup.asm
   Uses
      None
Comment: Temp2 unused
3 symbols



ARM Macro Assembler    Page 1 Alphabetic symbol ordering
Absolute symbols

AFRH 00000024

Symbol: AFRH
   Definitions
      At line 32 in file Definition.asm
   Uses
      None
Comment: AFRH unused
AFRL 00000020

Symbol: AFRL
   Definitions
      At line 31 in file Definition.asm
   Uses
      None
Comment: AFRL unused
BRR 00000028

Symbol: BRR
   Definitions
      At line 33 in file Definition.asm
   Uses
      None
Comment: BRR unused
BSRR 00000018

Symbol: BSRR
   Definitions
      At line 29 in file Definition.asm
   Uses
      None
Comment: BSRR unused
DAC 40007400

Symbol: DAC
   Definitions
      At line 17 in file Definition.asm
   Uses
      None
Comment: DAC unused
GPIOA 48000000

Symbol: GPIOA
   Definitions
      At line 10 in file Definition.asm
   Uses
      At line 9 in file Startup.asm
      At line 14 in file Startup.asm
      At line 19 in file Startup.asm
      At line 51 in file Startup.asm
      At line 136 in file Startup.asm

GPIOB 48000400

Symbol: GPIOB
   Definitions
      At line 11 in file Definition.asm
   Uses
      At line 25 in file Startup.asm



ARM Macro Assembler    Page 2 Alphabetic symbol ordering
Absolute symbols

      At line 30 in file Startup.asm
      At line 35 in file Startup.asm

GPIOC 48000800

Symbol: GPIOC
   Definitions
      At line 12 in file Definition.asm
   Uses
      At line 41 in file Startup.asm
      At line 46 in file Startup.asm
      At line 118 in file Startup.asm
      At line 142 in file Startup.asm

ICPR E000E280

Symbol: ICPR
   Definitions
      At line 21 in file Definition.asm
   Uses
      At line 4 in macro 8®kÐÔ¯
      at line 150 in file Startup.asm
Comment: ICPR used once
IDR 00000010

Symbol: IDR
   Definitions
      At line 27 in file Definition.asm
   Uses
      At line 136 in file Startup.asm
Comment: IDR used once
ISER E000E100

Symbol: ISER
   Definitions
      At line 19 in file Definition.asm
   Uses
      At line 121 in file Startup.asm
Comment: ISER used once
ISPR E000E200

Symbol: ISPR
   Definitions
      At line 20 in file Definition.asm
   Uses
      None
Comment: ISPR unused
LCKR 0000001C

Symbol: LCKR
   Definitions
      At line 30 in file Definition.asm
   Uses
      None
Comment: LCKR unused
MODER 00000000

Symbol: MODER
   Definitions



ARM Macro Assembler    Page 3 Alphabetic symbol ordering
Absolute symbols

      At line 23 in file Definition.asm
   Uses
      At line 9 in file Startup.asm
      At line 25 in file Startup.asm
      At line 41 in file Startup.asm

ODR 00000014

Symbol: ODR
   Definitions
      At line 28 in file Definition.asm
   Uses
      At line 118 in file Startup.asm
      At line 142 in file Startup.asm

OSPEEDR 00000008

Symbol: OSPEEDR
   Definitions
      At line 25 in file Definition.asm
   Uses
      At line 14 in file Startup.asm
      At line 30 in file Startup.asm
      At line 46 in file Startup.asm

OTYPER 00000004

Symbol: OTYPER
   Definitions
      At line 24 in file Definition.asm
   Uses
      None
Comment: OTYPER unused
PUPDR 0000000C

Symbol: PUPDR
   Definitions
      At line 26 in file Definition.asm
   Uses
      At line 19 in file Startup.asm
      At line 35 in file Startup.asm
      At line 51 in file Startup.asm

Pin0 00000001

Symbol: Pin0
   Definitions
      At line 59 in file Definition.asm
   Uses
      None
Comment: Pin0 unused
Pin1 00000002

Symbol: Pin1
   Definitions
      At line 60 in file Definition.asm
   Uses
      None
Comment: Pin1 unused



ARM Macro Assembler    Page 4 Alphabetic symbol ordering
Absolute symbols

Pin10 00000400

Symbol: Pin10
   Definitions
      At line 69 in file Definition.asm
   Uses
      None
Comment: Pin10 unused
Pin11 00000800

Symbol: Pin11
   Definitions
      At line 70 in file Definition.asm
   Uses
      None
Comment: Pin11 unused
Pin12 00001000

Symbol: Pin12
   Definitions
      At line 71 in file Definition.asm
   Uses
      None
Comment: Pin12 unused
Pin13 00002000

Symbol: Pin13
   Definitions
      At line 72 in file Definition.asm
   Uses
      None
Comment: Pin13 unused
Pin14 00004000

Symbol: Pin14
   Definitions
      At line 73 in file Definition.asm
   Uses
      None
Comment: Pin14 unused
Pin15 00008000

Symbol: Pin15
   Definitions
      At line 74 in file Definition.asm
   Uses
      None
Comment: Pin15 unused
Pin2 00000004

Symbol: Pin2
   Definitions
      At line 61 in file Definition.asm
   Uses
      None
Comment: Pin2 unused
Pin3 00000008

Symbol: Pin3



ARM Macro Assembler    Page 5 Alphabetic symbol ordering
Absolute symbols

   Definitions
      At line 62 in file Definition.asm
   Uses
      None
Comment: Pin3 unused
Pin4 00000010

Symbol: Pin4
   Definitions
      At line 63 in file Definition.asm
   Uses
      None
Comment: Pin4 unused
Pin5 00000020

Symbol: Pin5
   Definitions
      At line 64 in file Definition.asm
   Uses
      None
Comment: Pin5 unused
Pin6 00000040

Symbol: Pin6
   Definitions
      At line 65 in file Definition.asm
   Uses
      None
Comment: Pin6 unused
Pin7 00000080

Symbol: Pin7
   Definitions
      At line 66 in file Definition.asm
   Uses
      None
Comment: Pin7 unused
Pin8 00000100

Symbol: Pin8
   Definitions
      At line 67 in file Definition.asm
   Uses
      At line 119 in file Startup.asm
Comment: Pin8 used once
Pin9 00000200

Symbol: Pin9
   Definitions
      At line 68 in file Definition.asm
   Uses
      None
Comment: Pin9 unused
RCC 40021000

Symbol: RCC
   Definitions
      At line 13 in file Definition.asm
   Uses



ARM Macro Assembler    Page 6 Alphabetic symbol ordering
Absolute symbols

      At line 60 in file Startup.asm
      At line 69 in file Startup.asm
      At line 73 in file Startup.asm
      At line 77 in file Startup.asm
      At line 81 in file Startup.asm
      At line 85 in file Startup.asm

RCC_AHBENR 00000014

Symbol: RCC_AHBENR
   Definitions
      At line 40 in file Definition.asm
   Uses
      At line 77 in file Startup.asm
Comment: RCC_AHBENR used once
RCC_AHBRSTR 00000028

Symbol: RCC_AHBRSTR
   Definitions
      At line 45 in file Definition.asm
   Uses
      None
Comment: RCC_AHBRSTR unused
RCC_APB1ENR 0000001C

Symbol: RCC_APB1ENR
   Definitions
      At line 42 in file Definition.asm
   Uses
      At line 85 in file Startup.asm
Comment: RCC_APB1ENR used once
RCC_APB1RSTR 00000010

Symbol: RCC_APB1RSTR
   Definitions
      At line 39 in file Definition.asm
   Uses
      None
Comment: RCC_APB1RSTR unused
RCC_APB2ENR 00000018

Symbol: RCC_APB2ENR
   Definitions
      At line 41 in file Definition.asm
   Uses
      At line 81 in file Startup.asm
Comment: RCC_APB2ENR used once
RCC_APB2RSTR 0000000C

Symbol: RCC_APB2RSTR
   Definitions
      At line 38 in file Definition.asm
   Uses
      None
Comment: RCC_APB2RSTR unused
RCC_BDCR 00000020

Symbol: RCC_BDCR
   Definitions



ARM Macro Assembler    Page 7 Alphabetic symbol ordering
Absolute symbols

      At line 43 in file Definition.asm
   Uses
      None
Comment: RCC_BDCR unused
RCC_CFGR 00000004

Symbol: RCC_CFGR
   Definitions
      At line 36 in file Definition.asm
   Uses
      At line 60 in file Startup.asm
      At line 73 in file Startup.asm

RCC_CFGR2 0000002C

Symbol: RCC_CFGR2
   Definitions
      At line 46 in file Definition.asm
   Uses
      None
Comment: RCC_CFGR2 unused
RCC_CFGR3 00000030

Symbol: RCC_CFGR3
   Definitions
      At line 47 in file Definition.asm
   Uses
      None
Comment: RCC_CFGR3 unused
RCC_CIR 00000008

Symbol: RCC_CIR
   Definitions
      At line 37 in file Definition.asm
   Uses
      None
Comment: RCC_CIR unused
RCC_CR 00000000

Symbol: RCC_CR
   Definitions
      At line 35 in file Definition.asm
   Uses
      At line 69 in file Startup.asm
Comment: RCC_CR used once
RCC_CR2 00000034

Symbol: RCC_CR2
   Definitions
      At line 48 in file Definition.asm
   Uses
      None
Comment: RCC_CR2 unused
RCC_CSR 00000024

Symbol: RCC_CSR
   Definitions
      At line 44 in file Definition.asm
   Uses



ARM Macro Assembler    Page 8 Alphabetic symbol ordering
Absolute symbols

      None
Comment: RCC_CSR unused
SPI1 40013000

Symbol: SPI1
   Definitions
      At line 15 in file Definition.asm
   Uses
      None
Comment: SPI1 unused
SPI2 40003800

Symbol: SPI2
   Definitions
      At line 16 in file Definition.asm
   Uses
      None
Comment: SPI2 unused
TIM1 40012C00

Symbol: TIM1
   Definitions
      At line 14 in file Definition.asm
   Uses
      None
Comment: TIM1 unused
TIM6 40001000

Symbol: TIM6
   Definitions
      At line 18 in file Definition.asm
   Uses
      At line 106 in file Startup.asm
      At line 109 in file Startup.asm
      At line 112 in file Startup.asm
      At line 115 in file Startup.asm
      At line 4 in macro 8®kÐÔ¯
      at line 149 in file Startup.asm

TIM6_ARR 0000002C

Symbol: TIM6_ARR
   Definitions
      At line 57 in file Definition.asm
   Uses
      At line 115 in file Startup.asm
Comment: TIM6_ARR used once
TIM6_CNT 00000024

Symbol: TIM6_CNT
   Definitions
      At line 55 in file Definition.asm
   Uses
      None
Comment: TIM6_CNT unused
TIM6_CR1 00000000

Symbol: TIM6_CR1
   Definitions



ARM Macro Assembler    Page 9 Alphabetic symbol ordering
Absolute symbols

      At line 50 in file Definition.asm
   Uses
      At line 106 in file Startup.asm
Comment: TIM6_CR1 used once
TIM6_CR2 00000004

Symbol: TIM6_CR2
   Definitions
      At line 51 in file Definition.asm
   Uses
      None
Comment: TIM6_CR2 unused
TIM6_DIER 0000000C

Symbol: TIM6_DIER
   Definitions
      At line 52 in file Definition.asm
   Uses
      At line 109 in file Startup.asm
Comment: TIM6_DIER used once
TIM6_EGR 00000014

Symbol: TIM6_EGR
   Definitions
      At line 54 in file Definition.asm
   Uses
      None
Comment: TIM6_EGR unused
TIM6_PSC 00000028

Symbol: TIM6_PSC
   Definitions
      At line 56 in file Definition.asm
   Uses
      At line 112 in file Startup.asm
Comment: TIM6_PSC used once
TIM6_SR 00000010

Symbol: TIM6_SR
   Definitions
      At line 53 in file Definition.asm
   Uses
      At line 4 in macro 8®kÐÔ¯
      at line 149 in file Startup.asm
Comment: TIM6_SR used once
61 symbols
405 symbols in table
