


ARM Macro Assembler    Page 1 


    1 00000000         ;******************** (C) COPYRIGHT 2012 STMicroelectron
                       ics ********************
    2 00000000         ;* File Name          : startup_stm32f0xx.s
    3 00000000         ;* Author             : MCD Application Team
    4 00000000         ;* Version            : V1.0.0RC1
    5 00000000         ;* Date               : 27-January-2012
    6 00000000         ;* Description        : STM32F0xx Devices vector table f
                       or MDK-ARM toolchain.
    7 00000000         ;*                      This module performs:
    8 00000000         ;*                      - Set the initial SP
    9 00000000         ;*                      - Set the initial PC == Reset_Ha
                       ndler
   10 00000000         ;*                      - Set the vector table entries w
                       ith the exceptions ISR address
   11 00000000         ;*                      - Branches to __main in the C li
                       brary (which eventually
   12 00000000         ;*                        calls main()).
   13 00000000         ;*                      After Reset the CortexM0 process
                       or is in Thread mode,
   14 00000000         ;*                      priority is Privileged, and the 
                       Stack is set to Main.
   15 00000000         ;* <<< Use Configuration Wizard in Context Menu >>>   
   16 00000000         ;*******************************************************
                       ************************
   17 00000000         ; THE PRESENT FIRMWARE WHICH IS FOR GUIDANCE ONLY AIMS A
                       T PROVIDING CUSTOMERS
   18 00000000         ; WITH CODING INFORMATION REGARDING THEIR PRODUCTS IN OR
                       DER FOR THEM TO SAVE TIME.
   19 00000000         ; AS A RESULT, STMICROELECTRONICS SHALL NOT BE HELD LIAB
                       LE FOR ANY DIRECT,
   20 00000000         ; INDIRECT OR CONSEQUENTIAL DAMAGES WITH RESPECT TO ANY 
                       CLAIMS ARISING FROM THE
   21 00000000         ; CONTENT OF SUCH FIRMWARE AND/OR THE USE MADE BY CUSTOM
                       ERS OF THE CODING
   22 00000000         ; INFORMATION CONTAINED HEREIN IN CONNECTION WITH THEIR 
                       PRODUCTS.
   23 00000000         ; FOR MORE INFORMATION PLEASE READ CAREFULLY THE LICENSE
                        AGREEMENT FILE
   24 00000000         ; LOCATED IN THE ROOT DIRECTORY OF THIS FIRMWARE PACKAGE
                       .
   25 00000000         ;*******************************************************
                       ************************
   26 00000000         
   27 00000000         ; Amount of memory (in bytes) allocated for Stack
   28 00000000         ; Tailor this value to your application needs
   29 00000000         ; <h> Stack Configuration
   30 00000000         ;   <o> Stack Size (in Bytes) <0x0-0xFFFFFFFF:8>
   31 00000000         ; </h>
   32 00000000         
   33 00000000 00000400 
                       Stack_Size
                               EQU              0x00000400
   34 00000000         
   35 00000000                 AREA             STACK, NOINIT, READWRITE, ALIGN
=3
   36 00000000         Stack_Mem
                               SPACE            Stack_Size
   37 00000400         __initial_sp
   38 00000400         



ARM Macro Assembler    Page 2 


   39 00000400         
   40 00000400         ; <h> Heap Configuration
   41 00000400         ;   <o>  Heap Size (in Bytes) <0x0-0xFFFFFFFF:8>
   42 00000400         ; </h>
   43 00000400         
   44 00000400                 PRESERVE8
   45 00000400                 THUMB
   46 00000400         
   47 00000400         
   48 00000400         ; Vector Table Mapped to Address 0 at Reset
   49 00000400                 AREA             RESET, DATA, READONLY
   50 00000000                 EXPORT           __Vectors
   51 00000000                 EXPORT           __Vectors_End
   52 00000000                 EXPORT           __Vectors_Size
   53 00000000         
   54 00000000 00000000 
                       __Vectors
                               DCD              __initial_sp ; Top of Stack
   55 00000004 00000000        DCD              Reset_Handler ; Reset Handler
   56 00000008 00000000        DCD              NMI_Handler ; NMI Handler
   57 0000000C 00000000        DCD              HardFault_Handler ; Hard Fault 
                                                            Handler
   58 00000010 00000000        DCD              0           ; Reserved
   59 00000014 00000000        DCD              0           ; Reserved
   60 00000018 00000000        DCD              0           ; Reserved
   61 0000001C 00000000        DCD              0           ; Reserved
   62 00000020 00000000        DCD              0           ; Reserved
   63 00000024 00000000        DCD              0           ; Reserved
   64 00000028 00000000        DCD              0           ; Reserved
   65 0000002C 00000000        DCD              SVC_Handler ; SVCall Handler
   66 00000030 00000000        DCD              0           ; Reserved
   67 00000034 00000000        DCD              0           ; Reserved
   68 00000038 00000000        DCD              PendSV_Handler ; PendSV Handler
                                                            
   69 0000003C 00000000        DCD              SysTick_Handler 
                                                            ; SysTick Handler
   70 00000040         
   71 00000040         ; External Interrupts
   72 00000040 00000000        DCD              WWDG_IRQHandler 
                                                            ; Window Watchdog
   73 00000044 00000000        DCD              PVD_IRQHandler ; PVD through EX
                                                            TI Line detect
   74 00000048 00000000        DCD              RTC_IRQHandler ; RTC through EX
                                                            TI Line
   75 0000004C 00000000        DCD              FLASH_IRQHandler ; FLASH
   76 00000050 00000000        DCD              RCC_IRQHandler ; RCC
   77 00000054 00000000        DCD              EXTI0_1_IRQHandler 
                                                            ; EXTI Line 0 and 1
                                                            
   78 00000058 00000000        DCD              EXTI2_3_IRQHandler 
                                                            ; EXTI Line 2 and 3
                                                            
   79 0000005C 00000000        DCD              EXTI4_15_IRQHandler 
                                                            ; EXTI Line 4 to 15
                                                            
   80 00000060 00000000        DCD              TS_IRQHandler ; TS
   81 00000064 00000000        DCD              DMA1_Channel1_IRQHandler 
                                                            ; DMA1 Channel 1
   82 00000068 00000000        DCD              DMA1_Channel2_3_IRQHandler ; DM



ARM Macro Assembler    Page 3 


                                                            A1 Channel 2 and Ch
                                                            annel 3
   83 0000006C 00000000        DCD              DMA1_Channel4_5_IRQHandler ; DM
                                                            A1 Channel 4 and Ch
                                                            annel 5
   84 00000070 00000000        DCD              ADC1_COMP_IRQHandler ; ADC1, CO
                                                            MP1 and COMP2 
   85 00000074 00000000        DCD              TIM1_BRK_UP_TRG_COM_IRQHandler 
                                                            ; TIM1 Break, Updat
                                                            e, Trigger and Comm
                                                            utation
   86 00000078 00000000        DCD              TIM1_CC_IRQHandler ; TIM1 Captu
                                                            re Compare
   87 0000007C 00000000        DCD              TIM2_IRQHandler ; TIM2
   88 00000080 00000000        DCD              TIM3_IRQHandler ; TIM3
   89 00000084 00000000        DCD              TIM6_DAC_IRQHandler 
                                                            ; TIM6 and DAC
   90 00000088 00000000        DCD              0           ; Reserved
   91 0000008C 00000000        DCD              TIM14_IRQHandler ; TIM14
   92 00000090 00000000        DCD              TIM15_IRQHandler ; TIM15
   93 00000094 00000000        DCD              TIM16_IRQHandler ; TIM16
   94 00000098 00000000        DCD              TIM17_IRQHandler ; TIM17
   95 0000009C 00000000        DCD              I2C1_IRQHandler ; I2C1
   96 000000A0 00000000        DCD              I2C2_IRQHandler ; I2C2
   97 000000A4 00000000        DCD              SPI1_IRQHandler ; SPI1
   98 000000A8 00000000        DCD              SPI2_IRQHandler ; SPI2
   99 000000AC 00000000        DCD              USART1_IRQHandler ; USART1
  100 000000B0 00000000        DCD              USART2_IRQHandler ; USART2
  101 000000B4 00000000        DCD              0           ; Reserved
  102 000000B8 00000000        DCD              CEC_IRQHandler ; CEC
  103 000000BC 00000000        DCD              0           ; Reserved
  104 000000C0         
  105 000000C0         __Vectors_End
  106 000000C0         
  107 000000C0 000000C0 
                       __Vectors_Size
                               EQU              __Vectors_End - __Vectors
  108 000000C0         
  109 000000C0                 AREA             |.text|, CODE, READONLY
  110 00000000         
  111 00000000         
  112 00000000         ; Reset handler routine
  113 00000000         Reset_Handler
                               PROC
  114 00000000                 EXPORT           Reset_Handler                 [
WEAK]
  115 00000000                 IMPORT           __main
  116 00000000                 IMPORT           SystemInit
  117 00000000 4804            LDR              R0, =SystemInit
  118 00000002 4780            BLX              R0
  119 00000004 4804            LDR              R0, =__main
  120 00000006 4700            BX               R0
  121 00000008                 ENDP
  122 00000008         
  123 00000008         ; Dummy Exception Handlers (infinite loops which can be 
                       modified)
  124 00000008         
  125 00000008         NMI_Handler
                               PROC



ARM Macro Assembler    Page 4 


  126 00000008                 EXPORT           NMI_Handler                    
[WEAK]
  127 00000008 E7FE            B                .
  128 0000000A                 ENDP
  130 0000000A         HardFault_Handler
                               PROC
  131 0000000A                 EXPORT           HardFault_Handler              
[WEAK]
  132 0000000A E7FE            B                .
  133 0000000C                 ENDP
  134 0000000C         SVC_Handler
                               PROC
  135 0000000C                 EXPORT           SVC_Handler                    
[WEAK]
  136 0000000C E7FE            B                .
  137 0000000E                 ENDP
  138 0000000E         PendSV_Handler
                               PROC
  139 0000000E                 EXPORT           PendSV_Handler                 
[WEAK]
  140 0000000E E7FE            B                .
  141 00000010                 ENDP
  142 00000010         SysTick_Handler
                               PROC
  143 00000010                 EXPORT           SysTick_Handler                
[WEAK]
  144 00000010 E7FE            B                .
  145 00000012                 ENDP
  146 00000012         
  147 00000012         Default_Handler
                               PROC
  148 00000012         
  149 00000012                 EXPORT           WWDG_IRQHandler                
[WEAK]
  150 00000012                 EXPORT           PVD_IRQHandler                 
[WEAK]
  151 00000012                 EXPORT           RTC_IRQHandler                 
[WEAK]
  152 00000012                 EXPORT           FLASH_IRQHandler               
[WEAK]
  153 00000012                 EXPORT           RCC_IRQHandler                 
[WEAK]
  154 00000012                 EXPORT           EXTI0_1_IRQHandler             
[WEAK]
  155 00000012                 EXPORT           EXTI2_3_IRQHandler             
[WEAK]
  156 00000012                 EXPORT           EXTI4_15_IRQHandler            
[WEAK]
  157 00000012                 EXPORT           TS_IRQHandler                  
[WEAK]
  158 00000012                 EXPORT           DMA1_Channel1_IRQHandler       
[WEAK]
  159 00000012                 EXPORT           DMA1_Channel2_3_IRQHandler     
[WEAK]
  160 00000012                 EXPORT           DMA1_Channel4_5_IRQHandler     
[WEAK]
  161 00000012                 EXPORT           ADC1_COMP_IRQHandler           
[WEAK]
  162 00000012                 EXPORT           TIM1_BRK_UP_TRG_COM_IRQHandler 



ARM Macro Assembler    Page 5 


[WEAK]
  163 00000012                 EXPORT           TIM1_CC_IRQHandler             
[WEAK]
  164 00000012                 EXPORT           TIM2_IRQHandler                
[WEAK]
  165 00000012                 EXPORT           TIM3_IRQHandler                
[WEAK]
  166 00000012                 EXPORT           TIM6_DAC_IRQHandler            
[WEAK]
  167 00000012                 EXPORT           TIM14_IRQHandler               
[WEAK]
  168 00000012                 EXPORT           TIM15_IRQHandler               
[WEAK]
  169 00000012                 EXPORT           TIM16_IRQHandler               
[WEAK]
  170 00000012                 EXPORT           TIM17_IRQHandler               
[WEAK]
  171 00000012                 EXPORT           I2C1_IRQHandler                
[WEAK]
  172 00000012                 EXPORT           I2C2_IRQHandler                
[WEAK]
  173 00000012                 EXPORT           SPI1_IRQHandler                
[WEAK]
  174 00000012                 EXPORT           SPI2_IRQHandler                
[WEAK]
  175 00000012                 EXPORT           USART1_IRQHandler              
[WEAK]
  176 00000012                 EXPORT           USART2_IRQHandler              
[WEAK]
  177 00000012                 EXPORT           CEC_IRQHandler                 
[WEAK]
  178 00000012         
  179 00000012         
  180 00000012         WWDG_IRQHandler
  181 00000012         PVD_IRQHandler
  182 00000012         RTC_IRQHandler
  183 00000012         FLASH_IRQHandler
  184 00000012         RCC_IRQHandler
  185 00000012         EXTI0_1_IRQHandler
  186 00000012         EXTI2_3_IRQHandler
  187 00000012         EXTI4_15_IRQHandler
  188 00000012         TS_IRQHandler
  189 00000012         DMA1_Channel1_IRQHandler
  190 00000012         DMA1_Channel2_3_IRQHandler
  191 00000012         DMA1_Channel4_5_IRQHandler
  192 00000012         ADC1_COMP_IRQHandler
  193 00000012         TIM1_BRK_UP_TRG_COM_IRQHandler
  194 00000012         TIM1_CC_IRQHandler
  195 00000012         TIM2_IRQHandler
  196 00000012         TIM3_IRQHandler
  197 00000012         TIM6_DAC_IRQHandler
  198 00000012         TIM14_IRQHandler
  199 00000012         TIM15_IRQHandler
  200 00000012         TIM16_IRQHandler
  201 00000012         TIM17_IRQHandler
  202 00000012         I2C1_IRQHandler
  203 00000012         I2C2_IRQHandler
  204 00000012         SPI1_IRQHandler
  205 00000012         SPI2_IRQHandler



ARM Macro Assembler    Page 6 


  206 00000012         USART1_IRQHandler
  207 00000012         USART2_IRQHandler
  208 00000012         CEC_IRQHandler
  209 00000012         
  210 00000012 E7FE            B                .
  211 00000014         
  212 00000014                 ENDP
  213 00000014         
  214 00000014                 END
              00000000 
              00000000 
Command Line: --debug --xref --cpu=Cortex-M0 --apcs=interwork --depend=startup_
stm32f0xx.d -ostartup_stm32f0xx.o -ID:\Program_Files\Keil\ARM\RV31\Inc -ID:\Pro
gram_Files\Keil\ARM\CMSIS\Include -ID:\Program_Files\Keil\ARM\Inc\ST\STM32F0xx 
--predefine="__EVAL SETA 1" --list=startup_stm32f0xx.lst startup_stm32f0xx.s



ARM Macro Assembler    Page 1 Alphabetic symbol ordering
Relocatable symbols

STACK 00000000

Symbol: STACK
   Definitions
      At line 35 in file startup_stm32f0xx.s
   Uses
      None
Comment: STACK unused
Stack_Mem 00000000

Symbol: Stack_Mem
   Definitions
      At line 36 in file startup_stm32f0xx.s
   Uses
      None
Comment: Stack_Mem unused
__initial_sp 00000400

Symbol: __initial_sp
   Definitions
      At line 37 in file startup_stm32f0xx.s
   Uses
      At line 54 in file startup_stm32f0xx.s
Comment: __initial_sp used once
3 symbols



ARM Macro Assembler    Page 1 Alphabetic symbol ordering
Relocatable symbols

RESET 00000000

Symbol: RESET
   Definitions
      At line 49 in file startup_stm32f0xx.s
   Uses
      None
Comment: RESET unused
__Vectors 00000000

Symbol: __Vectors
   Definitions
      At line 54 in file startup_stm32f0xx.s
   Uses
      At line 50 in file startup_stm32f0xx.s
      At line 107 in file startup_stm32f0xx.s

__Vectors_End 000000C0

Symbol: __Vectors_End
   Definitions
      At line 105 in file startup_stm32f0xx.s
   Uses
      At line 51 in file startup_stm32f0xx.s
      At line 107 in file startup_stm32f0xx.s

3 symbols



ARM Macro Assembler    Page 1 Alphabetic symbol ordering
Relocatable symbols

.text 00000000

Symbol: .text
   Definitions
      At line 109 in file startup_stm32f0xx.s
   Uses
      None
Comment: .text unused
ADC1_COMP_IRQHandler 00000012

Symbol: ADC1_COMP_IRQHandler
   Definitions
      At line 192 in file startup_stm32f0xx.s
   Uses
      At line 84 in file startup_stm32f0xx.s
      At line 161 in file startup_stm32f0xx.s

CEC_IRQHandler 00000012

Symbol: CEC_IRQHandler
   Definitions
      At line 208 in file startup_stm32f0xx.s
   Uses
      At line 102 in file startup_stm32f0xx.s
      At line 177 in file startup_stm32f0xx.s

DMA1_Channel1_IRQHandler 00000012

Symbol: DMA1_Channel1_IRQHandler
   Definitions
      At line 189 in file startup_stm32f0xx.s
   Uses
      At line 81 in file startup_stm32f0xx.s
      At line 158 in file startup_stm32f0xx.s

DMA1_Channel2_3_IRQHandler 00000012

Symbol: DMA1_Channel2_3_IRQHandler
   Definitions
      At line 190 in file startup_stm32f0xx.s
   Uses
      At line 82 in file startup_stm32f0xx.s
      At line 159 in file startup_stm32f0xx.s

DMA1_Channel4_5_IRQHandler 00000012

Symbol: DMA1_Channel4_5_IRQHandler
   Definitions
      At line 191 in file startup_stm32f0xx.s
   Uses
      At line 83 in file startup_stm32f0xx.s
      At line 160 in file startup_stm32f0xx.s

Default_Handler 00000012

Symbol: Default_Handler
   Definitions
      At line 147 in file startup_stm32f0xx.s
   Uses



ARM Macro Assembler    Page 2 Alphabetic symbol ordering
Relocatable symbols

      None
Comment: Default_Handler unused
EXTI0_1_IRQHandler 00000012

Symbol: EXTI0_1_IRQHandler
   Definitions
      At line 185 in file startup_stm32f0xx.s
   Uses
      At line 77 in file startup_stm32f0xx.s
      At line 154 in file startup_stm32f0xx.s

EXTI2_3_IRQHandler 00000012

Symbol: EXTI2_3_IRQHandler
   Definitions
      At line 186 in file startup_stm32f0xx.s
   Uses
      At line 78 in file startup_stm32f0xx.s
      At line 155 in file startup_stm32f0xx.s

EXTI4_15_IRQHandler 00000012

Symbol: EXTI4_15_IRQHandler
   Definitions
      At line 187 in file startup_stm32f0xx.s
   Uses
      At line 79 in file startup_stm32f0xx.s
      At line 156 in file startup_stm32f0xx.s

FLASH_IRQHandler 00000012

Symbol: FLASH_IRQHandler
   Definitions
      At line 183 in file startup_stm32f0xx.s
   Uses
      At line 75 in file startup_stm32f0xx.s
      At line 152 in file startup_stm32f0xx.s

HardFault_Handler 0000000A

Symbol: HardFault_Handler
   Definitions
      At line 130 in file startup_stm32f0xx.s
   Uses
      At line 57 in file startup_stm32f0xx.s
      At line 131 in file startup_stm32f0xx.s

I2C1_IRQHandler 00000012

Symbol: I2C1_IRQHandler
   Definitions
      At line 202 in file startup_stm32f0xx.s
   Uses
      At line 95 in file startup_stm32f0xx.s
      At line 171 in file startup_stm32f0xx.s

I2C2_IRQHandler 00000012

Symbol: I2C2_IRQHandler



ARM Macro Assembler    Page 3 Alphabetic symbol ordering
Relocatable symbols

   Definitions
      At line 203 in file startup_stm32f0xx.s
   Uses
      At line 96 in file startup_stm32f0xx.s
      At line 172 in file startup_stm32f0xx.s

NMI_Handler 00000008

Symbol: NMI_Handler
   Definitions
      At line 125 in file startup_stm32f0xx.s
   Uses
      At line 56 in file startup_stm32f0xx.s
      At line 126 in file startup_stm32f0xx.s

PVD_IRQHandler 00000012

Symbol: PVD_IRQHandler
   Definitions
      At line 181 in file startup_stm32f0xx.s
   Uses
      At line 73 in file startup_stm32f0xx.s
      At line 150 in file startup_stm32f0xx.s

PendSV_Handler 0000000E

Symbol: PendSV_Handler
   Definitions
      At line 138 in file startup_stm32f0xx.s
   Uses
      At line 68 in file startup_stm32f0xx.s
      At line 139 in file startup_stm32f0xx.s

RCC_IRQHandler 00000012

Symbol: RCC_IRQHandler
   Definitions
      At line 184 in file startup_stm32f0xx.s
   Uses
      At line 76 in file startup_stm32f0xx.s
      At line 153 in file startup_stm32f0xx.s

RTC_IRQHandler 00000012

Symbol: RTC_IRQHandler
   Definitions
      At line 182 in file startup_stm32f0xx.s
   Uses
      At line 74 in file startup_stm32f0xx.s
      At line 151 in file startup_stm32f0xx.s

Reset_Handler 00000000

Symbol: Reset_Handler
   Definitions
      At line 113 in file startup_stm32f0xx.s
   Uses
      At line 55 in file startup_stm32f0xx.s
      At line 114 in file startup_stm32f0xx.s



ARM Macro Assembler    Page 4 Alphabetic symbol ordering
Relocatable symbols


SPI1_IRQHandler 00000012

Symbol: SPI1_IRQHandler
   Definitions
      At line 204 in file startup_stm32f0xx.s
   Uses
      At line 97 in file startup_stm32f0xx.s
      At line 173 in file startup_stm32f0xx.s

SPI2_IRQHandler 00000012

Symbol: SPI2_IRQHandler
   Definitions
      At line 205 in file startup_stm32f0xx.s
   Uses
      At line 98 in file startup_stm32f0xx.s
      At line 174 in file startup_stm32f0xx.s

SVC_Handler 0000000C

Symbol: SVC_Handler
   Definitions
      At line 134 in file startup_stm32f0xx.s
   Uses
      At line 65 in file startup_stm32f0xx.s
      At line 135 in file startup_stm32f0xx.s

SysTick_Handler 00000010

Symbol: SysTick_Handler
   Definitions
      At line 142 in file startup_stm32f0xx.s
   Uses
      At line 69 in file startup_stm32f0xx.s
      At line 143 in file startup_stm32f0xx.s

TIM14_IRQHandler 00000012

Symbol: TIM14_IRQHandler
   Definitions
      At line 198 in file startup_stm32f0xx.s
   Uses
      At line 91 in file startup_stm32f0xx.s
      At line 167 in file startup_stm32f0xx.s

TIM15_IRQHandler 00000012

Symbol: TIM15_IRQHandler
   Definitions
      At line 199 in file startup_stm32f0xx.s
   Uses
      At line 92 in file startup_stm32f0xx.s
      At line 168 in file startup_stm32f0xx.s

TIM16_IRQHandler 00000012

Symbol: TIM16_IRQHandler
   Definitions



ARM Macro Assembler    Page 5 Alphabetic symbol ordering
Relocatable symbols

      At line 200 in file startup_stm32f0xx.s
   Uses
      At line 93 in file startup_stm32f0xx.s
      At line 169 in file startup_stm32f0xx.s

TIM17_IRQHandler 00000012

Symbol: TIM17_IRQHandler
   Definitions
      At line 201 in file startup_stm32f0xx.s
   Uses
      At line 94 in file startup_stm32f0xx.s
      At line 170 in file startup_stm32f0xx.s

TIM1_BRK_UP_TRG_COM_IRQHandler 00000012

Symbol: TIM1_BRK_UP_TRG_COM_IRQHandler
   Definitions
      At line 193 in file startup_stm32f0xx.s
   Uses
      At line 85 in file startup_stm32f0xx.s
      At line 162 in file startup_stm32f0xx.s

TIM1_CC_IRQHandler 00000012

Symbol: TIM1_CC_IRQHandler
   Definitions
      At line 194 in file startup_stm32f0xx.s
   Uses
      At line 86 in file startup_stm32f0xx.s
      At line 163 in file startup_stm32f0xx.s

TIM2_IRQHandler 00000012

Symbol: TIM2_IRQHandler
   Definitions
      At line 195 in file startup_stm32f0xx.s
   Uses
      At line 87 in file startup_stm32f0xx.s
      At line 164 in file startup_stm32f0xx.s

TIM3_IRQHandler 00000012

Symbol: TIM3_IRQHandler
   Definitions
      At line 196 in file startup_stm32f0xx.s
   Uses
      At line 88 in file startup_stm32f0xx.s
      At line 165 in file startup_stm32f0xx.s

TIM6_DAC_IRQHandler 00000012

Symbol: TIM6_DAC_IRQHandler
   Definitions
      At line 197 in file startup_stm32f0xx.s
   Uses
      At line 89 in file startup_stm32f0xx.s
      At line 166 in file startup_stm32f0xx.s




ARM Macro Assembler    Page 6 Alphabetic symbol ordering
Relocatable symbols

TS_IRQHandler 00000012

Symbol: TS_IRQHandler
   Definitions
      At line 188 in file startup_stm32f0xx.s
   Uses
      At line 80 in file startup_stm32f0xx.s
      At line 157 in file startup_stm32f0xx.s

USART1_IRQHandler 00000012

Symbol: USART1_IRQHandler
   Definitions
      At line 206 in file startup_stm32f0xx.s
   Uses
      At line 99 in file startup_stm32f0xx.s
      At line 175 in file startup_stm32f0xx.s

USART2_IRQHandler 00000012

Symbol: USART2_IRQHandler
   Definitions
      At line 207 in file startup_stm32f0xx.s
   Uses
      At line 100 in file startup_stm32f0xx.s
      At line 176 in file startup_stm32f0xx.s

WWDG_IRQHandler 00000012

Symbol: WWDG_IRQHandler
   Definitions
      At line 180 in file startup_stm32f0xx.s
   Uses
      At line 72 in file startup_stm32f0xx.s
      At line 149 in file startup_stm32f0xx.s

37 symbols



ARM Macro Assembler    Page 1 Alphabetic symbol ordering
Absolute symbols

Stack_Size 00000400

Symbol: Stack_Size
   Definitions
      At line 33 in file startup_stm32f0xx.s
   Uses
      At line 36 in file startup_stm32f0xx.s
Comment: Stack_Size used once
__Vectors_Size 000000C0

Symbol: __Vectors_Size
   Definitions
      At line 107 in file startup_stm32f0xx.s
   Uses
      At line 52 in file startup_stm32f0xx.s
Comment: __Vectors_Size used once
2 symbols



ARM Macro Assembler    Page 1 Alphabetic symbol ordering
External symbols

SystemInit 00000000

Symbol: SystemInit
   Definitions
      At line 116 in file startup_stm32f0xx.s
   Uses
      At line 117 in file startup_stm32f0xx.s
Comment: SystemInit used once
__main 00000000

Symbol: __main
   Definitions
      At line 115 in file startup_stm32f0xx.s
   Uses
      At line 119 in file startup_stm32f0xx.s
Comment: __main used once
2 symbols
380 symbols in table
